[20788872:motion] [NTC] [ALL] [Nov 03 19:27:49] motion_startup: Using log type (ALL) log level (NTC)
[20788872:motion] [NTC] [ENC] [Nov 03 19:27:49] ffmpeg_global_init: ffmpeg libavcodec version 58.35.100 libavformat version 58.20.100
[0:motion] [NTC] [ALL] [Nov 03 19:27:49] main: Camera ID: 0 is from motion.conf
[0:motion] [NTC] [ALL] [Nov 03 19:27:49] main: Camera ID: 0 Camera Name: (null) Device: /dev/video0
[0:motion] [NTC] [ALL] [Nov 03 19:27:49] main: Waiting for threads to finish, pid: 3641
[0:wc0] [CRT] [STR] [Nov 03 19:27:49] http_bindsock: error binding on 127.0.0.1 port 8080: Address already in use
[0:wc0] [NTC] [STR] [Nov 03 19:27:49] motion_web_control: motion-httpd thread exit
[1:ml1] [NTC] [ALL] [Nov 03 19:27:49] motion_init: Camera 0 started: motion detection Enabled
[1:ml1] [NTC] [VID] [Nov 03 19:27:49] vid_start: Opening V4L2 device
[1:ml1] [NTC] [VID] [Nov 03 19:27:49] v4l2_start: Using videodevice /dev/video0 and input -1
[1:ml1] [NTC] [VID] [Nov 03 19:27:49] v4l2_get_capability: 
------------------------
cap.driver: "ov534"
cap.card: "USB Camera-B4.09.24.1"
cap.bus_info: "usb-musb-hdrc.1-1"
cap.capabilities=0x85200001
------------------------
[1:ml1] [NTC] [VID] [Nov 03 19:27:49] v4l2_get_capability: - VIDEO_CAPTURE
[1:ml1] [NTC] [VID] [Nov 03 19:27:49] v4l2_get_capability: - READWRITE
[1:ml1] [NTC] [VID] [Nov 03 19:27:49] v4l2_get_capability: - STREAMING
[1:ml1] [NTC] [VID] [Nov 03 19:27:49] v4l2_select_input: name = "ov534", type 0x00000002, status 00000000
[1:ml1] [NTC] [VID] [Nov 03 19:27:49] v4l2_select_input: - CAMERA
[1:ml1] [NTC] [VID] [Nov 03 19:27:49] v4l2_select_input: Device does not support specifying PAL/NTSC norm
[1:ml1] [NTC] [VID] [Nov 03 19:27:49] v4l2_set_pix_format: Configuration palette index 17 (YU12) doesn't work.
[1:ml1] [NTC] [VID] [Nov 03 19:27:49] v4l2_set_pix_format: Supported palettes:
[1:ml1] [NTC] [VID] [Nov 03 19:27:49] v4l2_set_pix_format: (0) YUYV (YUYV 4:2:2)
[1:ml1] [NTC] [VID] [Nov 03 19:27:49] v4l2_set_pix_format: 0 - YUYV 4:2:2 (compressed : 0) (0x56595559)
[1:ml1] [NTC] [VID] [Nov 03 19:27:49] v4l2_do_set_pix_format: Testing palette YUYV (320x240)
[1:ml1] [NTC] [VID] [Nov 03 19:27:49] v4l2_do_set_pix_format: Using palette YUYV (320x240) bytesperlines 640 sizeimage 153600 colorspace 00000008
[1:ml1] [NTC] [VID] [Nov 03 19:27:49] v4l2_set_pix_format: Selected palette YUYV
[1:ml1] [NTC] [VID] [Nov 03 19:27:49] v4l2_scan_controls: found control 0x00980900, "Brightness", range 0,255 
[1:ml1] [NTC] [VID] [Nov 03 19:27:49] v4l2_scan_controls: 	"Brightness", default 0, current 0
[1:ml1] [NTC] [VID] [Nov 03 19:27:49] v4l2_scan_controls: found control 0x00980901, "Contrast", range 0,255 
[1:ml1] [NTC] [VID] [Nov 03 19:27:49] v4l2_scan_controls: 	"Contrast", default 32, current 32
[1:ml1] [NTC] [VID] [Nov 03 19:27:49] v4l2_scan_controls: found control 0x00980902, "Saturation", range 0,255 
[1:ml1] [NTC] [VID] [Nov 03 19:27:49] v4l2_scan_controls: 	"Saturation", default 64, current 64
[1:ml1] [NTC] [VID] [Nov 03 19:27:49] v4l2_scan_controls: found control 0x00980903, "Hue", range -90,90 
[1:ml1] [NTC] [VID] [Nov 03 19:27:49] v4l2_scan_controls: 	"Hue", default 0, current 0
[1:ml1] [NTC] [VID] [Nov 03 19:27:49] v4l2_scan_controls: found control 0x00980918, "Power Line Frequency", range 0,1 
[1:ml1] [NTC] [VID] [Nov 03 19:27:49] v4l2_scan_controls: 	"Power Line Frequency", default 0, current 0
[1:ml1] [NTC] [VID] [Nov 03 19:27:49] v4l2_scan_controls: found control 0x00980911, "Exposure", range 0,255 
[1:ml1] [NTC] [VID] [Nov 03 19:27:49] v4l2_scan_controls: 	"Exposure", default 120, current 120
[1:ml1] [NTC] [VID] [Nov 03 19:27:49] v4l2_scan_controls: found control 0x00980912, "Gain, Automatic", range 0,1 
[1:ml1] [NTC] [VID] [Nov 03 19:27:49] v4l2_scan_controls: 	"Gain, Automatic", default 1, current 1
[1:ml1] [NTC] [VID] [Nov 03 19:27:49] v4l2_scan_controls: found control 0x00980913, "Gain", range 0,63 
[1:ml1] [NTC] [VID] [Nov 03 19:27:49] v4l2_scan_controls: 	"Gain", default 20, current 20
[1:ml1] [NTC] [ALL] [Nov 03 19:27:50] image_ring_resize: Resizing pre_capture buffer to 1 items
[1:ml1] [NTC] [STR] [Nov 03 19:27:50] http_bindsock: listening on any IPv4 address port 8081
[1:ml1] [NTC] [ALL] [Nov 03 19:27:50] motion_init: Started motion-stream server on port 8081 (auth Disabled)
[1:ml1] [ERR] [ENC] [Nov 03 19:28:09] ffmpeg_set_outputfile: Permission denied. /var/lib/motion/01-20201103192809.avi: Permission denied
[1:ml1] [ERR] [ENC] [Nov 03 19:28:09] ffmpeg_open: Could not set the stream
[1:ml1] [ERR] [EVT] [Nov 03 19:28:09] event_ffmpeg_newfile: ffopen_open error creating (new) file [/var/lib/motion/01-20201103192809.avi]
[1:ml1] [NTC] [ALL] [Nov 03 19:28:09] motion_detected: Motion detected - starting event 1
[1:ml1] [NTC] [ALL] [Nov 03 19:28:21] mlp_actions: End of event 1
[1:ml1] [NTC] [ALL] [Nov 03 19:28:21] motion_loop: Thread exiting
[1:ml1] [NTC] [STR] [Nov 03 19:28:21] stream_stop: Closing motion-stream listen socket & active motion-stream sockets
[1:ml1] [NTC] [STR] [Nov 03 19:28:21] stream_stop: Closed motion-stream listen socket & active motion-stream sockets
[1:ml1] [NTC] [VID] [Nov 03 19:28:21] vid_close: Cleaning up V4L2 device
[1:ml1] [NTC] [VID] [Nov 03 19:28:21] v4l2_cleanup: Closing video device /dev/video0
[0:motion] [NTC] [ALL] [Nov 03 19:28:22] main: Threads finished
[0:motion] [NTC] [ALL] [Nov 03 19:28:23] main: Motion terminating
[0:motion] [NTC] [ALL] [Nov 03 19:28:23] motion_remove_pid: Closing logfile (motion.log).
[38430344:motion] [NTC] [ALL] [Nov 03 19:28:25] motion_startup: Using log type (ALL) log level (NTC)
[38430344:motion] [NTC] [ENC] [Nov 03 19:28:25] ffmpeg_global_init: ffmpeg libavcodec version 58.35.100 libavformat version 58.20.100
[0:motion] [NTC] [ALL] [Nov 03 19:28:25] main: Camera ID: 0 is from motion.conf
[0:motion] [NTC] [ALL] [Nov 03 19:28:25] main: Camera ID: 0 Camera Name: (null) Device: /dev/video0
[0:motion] [NTC] [ALL] [Nov 03 19:28:25] main: Waiting for threads to finish, pid: 3651
[0:wc0] [CRT] [STR] [Nov 03 19:28:25] http_bindsock: error binding on 127.0.0.1 port 8080: Address already in use
[0:wc0] [NTC] [STR] [Nov 03 19:28:25] motion_web_control: motion-httpd thread exit
[1:ml1] [NTC] [ALL] [Nov 03 19:28:25] motion_init: Camera 0 started: motion detection Enabled
[1:ml1] [NTC] [VID] [Nov 03 19:28:25] vid_start: Opening V4L2 device
[1:ml1] [NTC] [VID] [Nov 03 19:28:25] v4l2_start: Using videodevice /dev/video0 and input -1
[1:ml1] [NTC] [VID] [Nov 03 19:28:25] v4l2_get_capability: 
------------------------
cap.driver: "ov534"
cap.card: "USB Camera-B4.09.24.1"
cap.bus_info: "usb-musb-hdrc.1-1"
cap.capabilities=0x85200001
------------------------
[1:ml1] [NTC] [VID] [Nov 03 19:28:25] v4l2_get_capability: - VIDEO_CAPTURE
[1:ml1] [NTC] [VID] [Nov 03 19:28:25] v4l2_get_capability: - READWRITE
[1:ml1] [NTC] [VID] [Nov 03 19:28:25] v4l2_get_capability: - STREAMING
[1:ml1] [NTC] [VID] [Nov 03 19:28:25] v4l2_select_input: name = "ov534", type 0x00000002, status 00000000
[1:ml1] [NTC] [VID] [Nov 03 19:28:25] v4l2_select_input: - CAMERA
[1:ml1] [NTC] [VID] [Nov 03 19:28:25] v4l2_select_input: Device does not support specifying PAL/NTSC norm
[1:ml1] [NTC] [VID] [Nov 03 19:28:25] v4l2_set_pix_format: Configuration palette index 17 (YU12) doesn't work.
[1:ml1] [NTC] [VID] [Nov 03 19:28:25] v4l2_set_pix_format: Supported palettes:
[1:ml1] [NTC] [VID] [Nov 03 19:28:25] v4l2_set_pix_format: (0) YUYV (YUYV 4:2:2)
[1:ml1] [NTC] [VID] [Nov 03 19:28:25] v4l2_set_pix_format: 0 - YUYV 4:2:2 (compressed : 0) (0x56595559)
[1:ml1] [NTC] [VID] [Nov 03 19:28:25] v4l2_do_set_pix_format: Testing palette YUYV (320x240)
[1:ml1] [NTC] [VID] [Nov 03 19:28:25] v4l2_do_set_pix_format: Using palette YUYV (320x240) bytesperlines 640 sizeimage 153600 colorspace 00000008
[1:ml1] [NTC] [VID] [Nov 03 19:28:25] v4l2_set_pix_format: Selected palette YUYV
[1:ml1] [NTC] [VID] [Nov 03 19:28:25] v4l2_scan_controls: found control 0x00980900, "Brightness", range 0,255 
[1:ml1] [NTC] [VID] [Nov 03 19:28:25] v4l2_scan_controls: 	"Brightness", default 0, current 0
[1:ml1] [NTC] [VID] [Nov 03 19:28:25] v4l2_scan_controls: found control 0x00980901, "Contrast", range 0,255 
[1:ml1] [NTC] [VID] [Nov 03 19:28:25] v4l2_scan_controls: 	"Contrast", default 32, current 32
[1:ml1] [NTC] [VID] [Nov 03 19:28:25] v4l2_scan_controls: found control 0x00980902, "Saturation", range 0,255 
[1:ml1] [NTC] [VID] [Nov 03 19:28:25] v4l2_scan_controls: 	"Saturation", default 64, current 64
[1:ml1] [NTC] [VID] [Nov 03 19:28:25] v4l2_scan_controls: found control 0x00980903, "Hue", range -90,90 
[1:ml1] [NTC] [VID] [Nov 03 19:28:25] v4l2_scan_controls: 	"Hue", default 0, current 0
[1:ml1] [NTC] [VID] [Nov 03 19:28:25] v4l2_scan_controls: found control 0x00980918, "Power Line Frequency", range 0,1 
[1:ml1] [NTC] [VID] [Nov 03 19:28:25] v4l2_scan_controls: 	"Power Line Frequency", default 0, current 0
[1:ml1] [NTC] [VID] [Nov 03 19:28:25] v4l2_scan_controls: found control 0x00980911, "Exposure", range 0,255 
[1:ml1] [NTC] [VID] [Nov 03 19:28:25] v4l2_scan_controls: 	"Exposure", default 120, current 120
[1:ml1] [NTC] [VID] [Nov 03 19:28:25] v4l2_scan_controls: found control 0x00980912, "Gain, Automatic", range 0,1 
[1:ml1] [NTC] [VID] [Nov 03 19:28:25] v4l2_scan_controls: 	"Gain, Automatic", default 1, current 1
[1:ml1] [NTC] [VID] [Nov 03 19:28:25] v4l2_scan_controls: found control 0x00980913, "Gain", range 0,63 
[1:ml1] [NTC] [VID] [Nov 03 19:28:25] v4l2_scan_controls: 	"Gain", default 20, current 20
[1:ml1] [NTC] [ALL] [Nov 03 19:28:26] image_ring_resize: Resizing pre_capture buffer to 1 items
[1:ml1] [NTC] [STR] [Nov 03 19:28:26] http_bindsock: listening on any IPv4 address port 8081
[1:ml1] [NTC] [ALL] [Nov 03 19:28:26] motion_init: Started motion-stream server on port 8081 (auth Disabled)
[1:ml1] [ERR] [ENC] [Nov 03 19:32:31] ffmpeg_set_outputfile: Permission denied. /var/lib/motion/01-20201103193231.avi: Permission denied
[1:ml1] [ERR] [ENC] [Nov 03 19:32:31] ffmpeg_open: Could not set the stream
[1:ml1] [ERR] [EVT] [Nov 03 19:32:31] event_ffmpeg_newfile: ffopen_open error creating (new) file [/var/lib/motion/01-20201103193231.avi]
[1:ml1] [NTC] [ALL] [Nov 03 19:32:31] motion_detected: Motion detected - starting event 1
[1:ml1] [NTC] [ALL] [Nov 03 19:32:45] mlp_actions: End of event 1
[1:ml1] [NTC] [ALL] [Nov 03 19:32:45] motion_loop: Thread exiting
[1:ml1] [NTC] [STR] [Nov 03 19:32:45] stream_stop: Closing motion-stream listen socket & active motion-stream sockets
[1:ml1] [NTC] [STR] [Nov 03 19:32:45] stream_stop: Closed motion-stream listen socket & active motion-stream sockets
[1:ml1] [NTC] [VID] [Nov 03 19:32:45] vid_close: Cleaning up V4L2 device
[1:ml1] [NTC] [VID] [Nov 03 19:32:45] v4l2_cleanup: Closing video device /dev/video0
[0:motion] [NTC] [ALL] [Nov 03 19:32:45] main: Threads finished
[0:motion] [NTC] [ALL] [Nov 03 19:32:46] main: Motion terminating
[0:motion] [NTC] [ALL] [Nov 03 19:32:46] motion_remove_pid: Closing logfile (motion.log).
[33920648:motion] [NTC] [ALL] [Nov 03 19:33:39] motion_startup: Using log type (ALL) log level (NTC)
[33920648:motion] [NTC] [ENC] [Nov 03 19:33:39] ffmpeg_global_init: ffmpeg libavcodec version 58.35.100 libavformat version 58.20.100
[0:motion] [NTC] [ALL] [Nov 03 19:33:39] main: Camera ID: 0 is from motion.conf
[0:motion] [NTC] [ALL] [Nov 03 19:33:39] main: Camera ID: 0 Camera Name: (null) Device: /dev/video0
[0:motion] [NTC] [ALL] [Nov 03 19:33:39] main: Waiting for threads to finish, pid: 3692
[0:wc0] [CRT] [STR] [Nov 03 19:33:39] http_bindsock: error binding on 127.0.0.1 port 8080: Address already in use
[0:wc0] [NTC] [STR] [Nov 03 19:33:39] motion_web_control: motion-httpd thread exit
[1:ml1] [NTC] [ALL] [Nov 03 19:33:39] motion_init: Camera 0 started: motion detection Enabled
[1:ml1] [NTC] [VID] [Nov 03 19:33:39] vid_start: Opening V4L2 device
[1:ml1] [NTC] [VID] [Nov 03 19:33:39] v4l2_start: Using videodevice /dev/video0 and input -1
[1:ml1] [NTC] [VID] [Nov 03 19:33:39] v4l2_get_capability: 
------------------------
cap.driver: "ov534"
cap.card: "USB Camera-B4.09.24.1"
cap.bus_info: "usb-musb-hdrc.1-1"
cap.capabilities=0x85200001
------------------------
[1:ml1] [NTC] [VID] [Nov 03 19:33:39] v4l2_get_capability: - VIDEO_CAPTURE
[1:ml1] [NTC] [VID] [Nov 03 19:33:39] v4l2_get_capability: - READWRITE
[1:ml1] [NTC] [VID] [Nov 03 19:33:39] v4l2_get_capability: - STREAMING
[1:ml1] [NTC] [VID] [Nov 03 19:33:39] v4l2_select_input: name = "ov534", type 0x00000002, status 00000000
[1:ml1] [NTC] [VID] [Nov 03 19:33:39] v4l2_select_input: - CAMERA
[1:ml1] [NTC] [VID] [Nov 03 19:33:39] v4l2_select_input: Device does not support specifying PAL/NTSC norm
[1:ml1] [NTC] [VID] [Nov 03 19:33:39] v4l2_set_pix_format: Configuration palette index 17 (YU12) doesn't work.
[1:ml1] [NTC] [VID] [Nov 03 19:33:39] v4l2_set_pix_format: Supported palettes:
[1:ml1] [NTC] [VID] [Nov 03 19:33:39] v4l2_set_pix_format: (0) YUYV (YUYV 4:2:2)
[1:ml1] [NTC] [VID] [Nov 03 19:33:39] v4l2_set_pix_format: 0 - YUYV 4:2:2 (compressed : 0) (0x56595559)
[1:ml1] [NTC] [VID] [Nov 03 19:33:39] v4l2_do_set_pix_format: Testing palette YUYV (320x240)
[1:ml1] [NTC] [VID] [Nov 03 19:33:39] v4l2_do_set_pix_format: Using palette YUYV (320x240) bytesperlines 640 sizeimage 153600 colorspace 00000008
[1:ml1] [NTC] [VID] [Nov 03 19:33:39] v4l2_set_pix_format: Selected palette YUYV
[1:ml1] [NTC] [VID] [Nov 03 19:33:39] v4l2_scan_controls: found control 0x00980900, "Brightness", range 0,255 
[1:ml1] [NTC] [VID] [Nov 03 19:33:39] v4l2_scan_controls: 	"Brightness", default 0, current 0
[1:ml1] [NTC] [VID] [Nov 03 19:33:39] v4l2_scan_controls: found control 0x00980901, "Contrast", range 0,255 
[1:ml1] [NTC] [VID] [Nov 03 19:33:39] v4l2_scan_controls: 	"Contrast", default 32, current 32
[1:ml1] [NTC] [VID] [Nov 03 19:33:39] v4l2_scan_controls: found control 0x00980902, "Saturation", range 0,255 
[1:ml1] [NTC] [VID] [Nov 03 19:33:39] v4l2_scan_controls: 	"Saturation", default 64, current 64
[1:ml1] [NTC] [VID] [Nov 03 19:33:39] v4l2_scan_controls: found control 0x00980903, "Hue", range -90,90 
[1:ml1] [NTC] [VID] [Nov 03 19:33:39] v4l2_scan_controls: 	"Hue", default 0, current 0
[1:ml1] [NTC] [VID] [Nov 03 19:33:39] v4l2_scan_controls: found control 0x00980918, "Power Line Frequency", range 0,1 
[1:ml1] [NTC] [VID] [Nov 03 19:33:39] v4l2_scan_controls: 	"Power Line Frequency", default 0, current 0
[1:ml1] [NTC] [VID] [Nov 03 19:33:39] v4l2_scan_controls: found control 0x00980911, "Exposure", range 0,255 
[1:ml1] [NTC] [VID] [Nov 03 19:33:39] v4l2_scan_controls: 	"Exposure", default 120, current 120
[1:ml1] [NTC] [VID] [Nov 03 19:33:39] v4l2_scan_controls: found control 0x00980912, "Gain, Automatic", range 0,1 
[1:ml1] [NTC] [VID] [Nov 03 19:33:39] v4l2_scan_controls: 	"Gain, Automatic", default 1, current 1
[1:ml1] [NTC] [VID] [Nov 03 19:33:39] v4l2_scan_controls: found control 0x00980913, "Gain", range 0,63 
[1:ml1] [NTC] [VID] [Nov 03 19:33:39] v4l2_scan_controls: 	"Gain", default 20, current 20
[1:ml1] [NTC] [ALL] [Nov 03 19:33:39] image_ring_resize: Resizing pre_capture buffer to 1 items
[1:ml1] [NTC] [STR] [Nov 03 19:33:39] http_bindsock: listening on any IPv4 address port 8081
[1:ml1] [NTC] [ALL] [Nov 03 19:33:40] motion_init: Started motion-stream server on port 8081 (auth Disabled)
[1:ml1] [ERR] [ENC] [Nov 03 19:33:51] ffmpeg_set_outputfile: Permission denied. /var/lib/motion/01-20201103193351.avi: Permission denied
[1:ml1] [ERR] [ENC] [Nov 03 19:33:51] ffmpeg_open: Could not set the stream
[1:ml1] [ERR] [EVT] [Nov 03 19:33:51] event_ffmpeg_newfile: ffopen_open error creating (new) file [/var/lib/motion/01-20201103193351.avi]
[1:ml1] [NTC] [ALL] [Nov 03 19:33:51] motion_detected: Motion detected - starting event 1
